C:\Program Files (x86)\Microsoft Visual Studio\2019\Community\MSBuild\Microsoft\VC\v160\Microsoft.CppBuild.targets(477,5): warning MSB8004: Output Directory does not end with a trailing slash.  This build instance will add the slash as it is required to allow proper evaluation of the Output Directory.
  Main_v9.cpp
C:\Users\anura\OneDrive\Desktop\Crowds_KDtree\main.h(16,25): warning C4305: 'initializing': truncation from 'double' to 'float'
C:\Users\anura\OneDrive\Desktop\Crowds_KDtree\Shader.h(57,40): warning C4101: 'e': unreferenced local variable
C:\Users\anura\OneDrive\Desktop\Crowds_KDtree\Main_v9.cpp(42,27): warning C4305: 'initializing': truncation from 'double' to 'float'
C:\Users\anura\OneDrive\Desktop\Crowds_KDtree\Main_v9.cpp(44,25): warning C4244: 'initializing': conversion from 'double' to 'float', possible loss of data
C:\Users\anura\OneDrive\Desktop\Crowds_KDtree\Main_v9.cpp(46,22): warning C4305: 'initializing': truncation from 'double' to 'float'
C:\Users\anura\OneDrive\Desktop\Crowds_KDtree\Main_v9.cpp(324,14): warning C4305: 'initializing': truncation from 'double' to 'float'
C:\Users\anura\OneDrive\Desktop\Crowds_KDtree\Main_v9.cpp(430,29): warning C4244: '=': conversion from 'double' to 'float', possible loss of data
C:\Users\anura\OneDrive\Desktop\Crowds_KDtree\Main_v9.cpp(432,28): warning C4244: '=': conversion from 'double' to 'float', possible loss of data
C:\Users\anura\OneDrive\Desktop\Crowds_KDtree\Main_v9.cpp(434,30): warning C4244: '=': conversion from 'double' to 'float', possible loss of data
C:\Users\anura\OneDrive\Desktop\Crowds_KDtree\Main_v9.cpp(436,28): warning C4244: '=': conversion from 'double' to 'float', possible loss of data
C:\Users\anura\OneDrive\Desktop\Crowds_KDtree\Main_v9.cpp(438,29): warning C4244: '=': conversion from 'double' to 'float', possible loss of data
C:\Users\anura\OneDrive\Desktop\Crowds_KDtree\Main_v9.cpp(440,28): warning C4244: '=': conversion from 'double' to 'float', possible loss of data
C:\Users\anura\OneDrive\Desktop\Crowds_KDtree\Main_v9.cpp(517,1): warning C4305: 'argument': truncation from 'double' to 'float'
C:\Users\anura\OneDrive\Desktop\Crowds_KDtree\Main_v9.cpp(572,1): warning C4305: 'initializing': truncation from 'double' to 'float'
C:\Users\anura\OneDrive\Desktop\Crowds_KDtree\Main_v9.cpp(589,1): warning C4305: 'argument': truncation from 'double' to 'float'
C:\Users\anura\OneDrive\Desktop\Crowds_KDtree\Main_v9.cpp(644,1): warning C4305: 'initializing': truncation from 'double' to 'float'
C:\Users\anura\OneDrive\Desktop\Crowds_KDtree\Main_v9.cpp(718,1): warning C4305: 'initializing': truncation from 'double' to 'float'
C:\Users\anura\OneDrive\Desktop\Crowds_KDtree\Main_v9.cpp(776,24): warning C4018: '<': signed/unsigned mismatch
C:\Users\anura\OneDrive\Desktop\Crowds_KDtree\Main_v9.cpp(793,24): warning C4018: '<': signed/unsigned mismatch
C:\Users\anura\OneDrive\Desktop\Crowds_KDtree\Main_v9.cpp(992,51): warning C4305: 'initializing': truncation from 'double' to 'GLfloat'
C:\Users\anura\OneDrive\Desktop\Crowds_KDtree\Main_v9.cpp(993,53): warning C4305: 'initializing': truncation from 'double' to 'GLfloat'
C:\Users\anura\OneDrive\Desktop\Crowds_KDtree\Main_v9.cpp(1127,17): warning C4244: 'return': conversion from 'double' to 'float', possible loss of data
C:\Users\anura\OneDrive\Desktop\Crowds_KDtree\Main_v9.cpp(1268,20): warning C4018: '<': signed/unsigned mismatch
C:\Users\anura\OneDrive\Desktop\Crowds_KDtree\Main_v9.cpp(1282,20): warning C4018: '<': signed/unsigned mismatch
C:\Users\anura\OneDrive\Desktop\Crowds_KDtree\Main_v9.cpp(1340,11): warning C4244: '=': conversion from 'int' to 'float', possible loss of data
C:\Users\anura\OneDrive\Desktop\Crowds_KDtree\Main_v9.cpp(1341,11): warning C4244: '=': conversion from 'int' to 'float', possible loss of data
C:\Users\anura\OneDrive\Desktop\Crowds_KDtree\Main_v9.cpp(1347,10): warning C4244: '=': conversion from 'int' to 'float', possible loss of data
C:\Users\anura\OneDrive\Desktop\Crowds_KDtree\Main_v9.cpp(1348,10): warning C4244: '=': conversion from 'int' to 'float', possible loss of data
C:\Users\anura\OneDrive\Desktop\Crowds_KDtree\Main_v9.cpp(1376,11): warning C4244: '=': conversion from 'int' to 'float', possible loss of data
C:\Users\anura\OneDrive\Desktop\Crowds_KDtree\Main_v9.cpp(1377,11): warning C4244: '=': conversion from 'int' to 'float', possible loss of data
C:\Users\anura\OneDrive\Desktop\Crowds_KDtree\Main_v9.cpp(1384,10): warning C4244: '=': conversion from 'int' to 'float', possible loss of data
C:\Users\anura\OneDrive\Desktop\Crowds_KDtree\Main_v9.cpp(1385,10): warning C4244: '=': conversion from 'int' to 'float', possible loss of data
C:\Users\anura\OneDrive\Desktop\Crowds_KDtree\Main_v9.cpp(1610,20): warning C4018: '<': signed/unsigned mismatch
C:\Users\anura\OneDrive\Desktop\Crowds_KDtree\Main_v9.cpp(1616,20): warning C4018: '<': signed/unsigned mismatch
C:\Users\anura\OneDrive\Desktop\Crowds_KDtree\Main_v9.cpp(1620,21): warning C4018: '<': signed/unsigned mismatch
C:\Users\anura\OneDrive\Desktop\Crowds_KDtree\Main_v9.cpp(1642,20): warning C4018: '<': signed/unsigned mismatch
C:\Users\anura\OneDrive\Desktop\Crowds_KDtree\Main_v9.cpp(1646,21): warning C4018: '<': signed/unsigned mismatch
C:\Users\anura\OneDrive\Desktop\Crowds_KDtree\Main_v9.cpp(1775,20): warning C4018: '<': signed/unsigned mismatch
C:\Users\anura\OneDrive\Desktop\Crowds_KDtree\Main_v9.cpp(1795,20): warning C4018: '<': signed/unsigned mismatch
C:\Users\anura\OneDrive\Desktop\Crowds_KDtree\Main_v9.cpp(1830,117): warning C4244: 'argument': conversion from 'double' to 'float', possible loss of data
C:\Users\anura\OneDrive\Desktop\Crowds_KDtree\Main_v9.cpp(1845,20): warning C4018: '<': signed/unsigned mismatch
C:\Users\anura\OneDrive\Desktop\Crowds_KDtree\Main_v9.cpp(1881,20): warning C4018: '<': signed/unsigned mismatch
C:\Users\anura\OneDrive\Desktop\Crowds_KDtree\Main_v9.cpp(1887,24): warning C4018: '<': signed/unsigned mismatch
C:\Users\anura\OneDrive\Desktop\Crowds_KDtree\Main_v9.cpp(1894,24): warning C4018: '<': signed/unsigned mismatch
C:\Users\anura\OneDrive\Desktop\Crowds_KDtree\Main_v9.cpp(1922,20): warning C4018: '<': signed/unsigned mismatch
C:\Users\anura\OneDrive\Desktop\Crowds_KDtree\Main_v9.cpp(1926,21): warning C4018: '<': signed/unsigned mismatch
C:\Users\anura\OneDrive\Desktop\Crowds_KDtree\Main_v9.cpp(2003,42): warning C4305: 'initializing': truncation from 'double' to 'float'
C:\Users\anura\OneDrive\Desktop\Crowds_KDtree\Main_v9.cpp(2203,20): warning C4018: '<': signed/unsigned mismatch
C:\Users\anura\OneDrive\Desktop\Crowds_KDtree\Main_v9.cpp(2206,25): warning C4018: '<': signed/unsigned mismatch
C:\Users\anura\OneDrive\Desktop\Crowds_KDtree\Main_v9.cpp(2230,20): warning C4018: '<': signed/unsigned mismatch
C:\Users\anura\OneDrive\Desktop\Crowds_KDtree\Main_v9.cpp(2233,25): warning C4018: '<': signed/unsigned mismatch
C:\Users\anura\OneDrive\Desktop\Crowds_KDtree\Main_v9.cpp(2276,21): warning C4018: '<': signed/unsigned mismatch
C:\Users\anura\OneDrive\Desktop\Crowds_KDtree\Main_v9.cpp(2301,20): warning C4018: '<': signed/unsigned mismatch
C:\Users\anura\OneDrive\Desktop\Crowds_KDtree\Main_v9.cpp(2320,20): warning C4018: '<': signed/unsigned mismatch
C:\Users\anura\OneDrive\Desktop\Crowds_KDtree\Main_v9.cpp(2375,65): warning C4305: 'argument': truncation from 'double' to 'float'
C:\Users\anura\OneDrive\Desktop\Crowds_KDtree\Main_v9.cpp(2376,64): warning C4305: 'argument': truncation from 'double' to 'float'
C:\Users\anura\OneDrive\Desktop\Crowds_KDtree\Main_v9.cpp(2377,65): warning C4305: 'argument': truncation from 'double' to 'float'
C:\Users\anura\OneDrive\Desktop\Crowds_KDtree\Main_v9.cpp(2378,63): warning C4305: 'argument': truncation from 'double' to 'float'
C:\Users\anura\OneDrive\Desktop\Crowds_KDtree\Main_v9.cpp(2398,66): warning C4305: 'argument': truncation from 'double' to 'float'
C:\Users\anura\OneDrive\Desktop\Crowds_KDtree\Main_v9.cpp(2399,64): warning C4305: 'argument': truncation from 'double' to 'float'
C:\Users\anura\OneDrive\Desktop\Crowds_KDtree\Main_v9.cpp(2400,65): warning C4305: 'argument': truncation from 'double' to 'float'
C:\Users\anura\OneDrive\Desktop\Crowds_KDtree\Main_v9.cpp(2401,63): warning C4305: 'argument': truncation from 'double' to 'float'
  Generating code
  1 of 620 functions ( 0.2%) were compiled, the rest were copied from previous compilation.
    0 functions were new in current compilation
    1 functions had inline decision re-evaluated but remain unchanged
  Finished generating code
  Crowds_Project.vcxproj -> C:\Users\anura\OneDrive\Desktop\Crowds_KDtree\Crowds_Project\..\Crowds_Project.exe
